0 info it worked if it ends with ok
1 verbose cli [ '/home/rex/.nvm/versions/node/v5.0.0/bin/node',
1 verbose cli   '/home/rex/.nvm/versions/node/v5.0.0/bin/npm',
1 verbose cli   'publish',
1 verbose cli   '--tag',
1 verbose cli   '0.0.1' ]
2 info using npm@3.3.6
3 info using node@v5.0.0
4 verbose publish [ '.' ]
5 verbose stack Error: Tag name must not be a valid SemVer range: 0.0.1
5 verbose stack     at EventEmitter.publish (/home/rex/.nvm/versions/node/v5.0.0/lib/node_modules/npm/lib/publish.js:40:14)
5 verbose stack     at Object.commandCache.(anonymous function) (/home/rex/.nvm/versions/node/v5.0.0/lib/node_modules/npm/lib/npm.js:214:13)
5 verbose stack     at EventEmitter.<anonymous> (/home/rex/.nvm/versions/node/v5.0.0/lib/node_modules/npm/bin/npm-cli.js:75:30)
5 verbose stack     at doNTCallback0 (node.js:428:9)
5 verbose stack     at process._tickCallback (node.js:357:13)
6 verbose cwd /home/rex/Projects/async-fetch-helper
7 error Linux 4.2.0-27-generic
8 error argv "/home/rex/.nvm/versions/node/v5.0.0/bin/node" "/home/rex/.nvm/versions/node/v5.0.0/bin/npm" "publish" "--tag" "0.0.1"
9 error node v5.0.0
10 error npm  v3.3.6
11 error Tag name must not be a valid SemVer range: 0.0.1
12 error If you need help, you may report this error at:
12 error     <https://github.com/npm/npm/issues>
13 verbose exit [ 1, true ]
